<?xml version="1.0" encoding="UTF-8"?>
<!-- Generated by org.testng.reporters.JUnitReportReporter -->
<testsuite hostname="DESKTOP-5NEEPGF" failures="0" tests="1" name="TestRunner.TestRunner" time="13.432" errors="0" timestamp="2024-11-18T00:15:52 IST" skipped="0">
  <testcase classname="TestRunner.TestRunner" name="runScenario" time="13.432"/>
  <system-out/>
</testsuite> <!-- TestRunner.TestRunner -->
