<?xml version="1.0" encoding="UTF-8"?>
<!-- Generated by org.testng.reporters.JUnitReportReporter -->
<testsuite hostname="DESKTOP-5NEEPGF" failures="0" tests="2" name="TestRunner.TestRunner" time="30.507" errors="0" timestamp="2024-11-17T23:43:41 IST" skipped="0">
  <testcase classname="TestRunner.TestRunner" name="runScenario" time="13.997"/>
  <system-out/>
  <testcase classname="TestRunner.TestRunner" name="runScenario" time="16.510"/>
  <system-out/>
</testsuite> <!-- TestRunner.TestRunner -->
